<?xml version="1.0" encoding="UTF-8"?>
<robot generator="Robot 3.2.1 (Python 3.8.10 on win32)" generated="20221107 13:53:30.905" rpa="false">
<suite id="s1" name="Project1" source="C:\Users\oosmane6\Desktop\Desktop\Projects\Robot\workspace\Project1">
<suite id="s1-s1" name="Test" source="C:\Users\oosmane6\Desktop\Desktop\Projects\Robot\workspace\Project1\test">
<suite id="s1-s1-s1" name="TestSuite1" source="C:\Users\oosmane6\Desktop\Desktop\Projects\Robot\workspace\Project1\test\TestSuite1.robot">
<test id="s1-s1-s1-t1" name="MyFirstTest">
<kw name="Log" library="BuiltIn">
<doc>Logs the given message with the given level.</doc>
<arguments>
<arg>Hello World</arg>
</arguments>
<msg timestamp="20221107 13:53:31.099" level="INFO">Hello World</msg>
<status status="PASS" starttime="20221107 13:53:31.099" endtime="20221107 13:53:31.100"></status>
</kw>
<kw name="Open Browser" library="Selenium2Library">
<doc>Opens a new browser instance to the optional ``url``.</doc>
<arguments>
<arg>http://google.com</arg>
<arg>chrome</arg>
</arguments>
<msg timestamp="20221107 13:53:31.100" level="INFO">Opening browser 'chrome' to base url 'http://google.com'.</msg>
<status status="PASS" starttime="20221107 13:53:31.100" endtime="20221107 13:53:33.492"></status>
</kw>
<kw name="Sleep" library="BuiltIn">
<doc>Pauses the test executed for the given time.</doc>
<arguments>
<arg>5s</arg>
</arguments>
<msg timestamp="20221107 13:53:38.504" level="INFO">Slept 5 seconds</msg>
<status status="PASS" starttime="20221107 13:53:33.492" endtime="20221107 13:53:38.504"></status>
</kw>
<kw name="Close All Browsers" library="Selenium2Library">
<doc>Closes all open browsers and resets the browser cache.</doc>
<status status="PASS" starttime="20221107 13:53:38.505" endtime="20221107 13:53:40.625"></status>
</kw>
<status status="PASS" starttime="20221107 13:53:31.099" endtime="20221107 13:53:40.625" critical="yes"></status>
</test>
<status status="PASS" starttime="20221107 13:53:30.951" endtime="20221107 13:53:40.626"></status>
</suite>
<status status="PASS" starttime="20221107 13:53:30.948" endtime="20221107 13:53:40.627"></status>
</suite>
<status status="PASS" starttime="20221107 13:53:30.932" endtime="20221107 13:53:40.628"></status>
</suite>
<statistics>
<total>
<stat pass="1" fail="0">Critical Tests</stat>
<stat pass="1" fail="0">All Tests</stat>
</total>
<tag>
</tag>
<suite>
<stat pass="1" fail="0" id="s1" name="Project1">Project1</stat>
<stat pass="1" fail="0" id="s1-s1" name="Test">Project1.Test</stat>
<stat pass="1" fail="0" id="s1-s1-s1" name="TestSuite1">Project1.Test.TestSuite1</stat>
</suite>
</statistics>
<errors>
</errors>
</robot>
